[0m23:29:27.133349 [debug] [MainThread]: Sending event: {'category': 'dbt', 'action': 'invocation', 'label': 'start', 'context': [<snowplow_tracker.self_describing_json.SelfDescribingJson object at 0x1047c8d70>, <snowplow_tracker.self_describing_json.SelfDescribingJson object at 0x1058ff750>, <snowplow_tracker.self_describing_json.SelfDescribingJson object at 0x1058ff890>]}


============================== 23:29:27.137673 | 8b39e85f-f07e-4bfe-a75e-65b05b3bb118 ==============================
[0m23:29:27.137673 [info ] [MainThread]: Running with dbt=1.11.2
[0m23:29:27.138025 [debug] [MainThread]: running dbt with arguments {'debug': 'False', 'static_parser': 'True', 'log_path': 'logs', 'target_path': 'None', 'fail_fast': 'False', 'indirect_selection': 'eager', 'invocation_command': 'dbt init jobmatch_dbt', 'introspect': 'True', 'printer_width': '80', 'send_anonymous_usage_stats': 'True', 'warn_error_options': 'WarnErrorOptionsV2(error=[], warn=[], silence=[])', 'warn_error': 'None', 'quiet': 'False', 'partial_parse': 'True', 'use_colors': 'True', 'cache_selected_only': 'False', 'write_json': 'True', 'no_print': 'None', 'log_cache_events': 'False', 'version_check': 'True', 'use_experimental_parser': 'False', 'empty': 'None', 'profiles_dir': '/Users/jin/.dbt', 'log_format': 'default'}
[0m23:29:27.151295 [info ] [MainThread]: Creating dbt configuration folder at /Users/jin/.dbt
[0m23:29:27.152361 [debug] [MainThread]: Starter project path: /Users/jin/Desktop/Job_Matching_Data_Pipeline/.venv/lib/python3.13/site-packages/dbt/include/starter_project
[0m23:29:27.156822 [info ] [MainThread]: 
Your new dbt project "jobmatch_dbt" was created!

For more information on how to configure the profiles.yml file,
please consult the dbt documentation here:

  https://docs.getdbt.com/docs/configure-your-profile

One more thing:

Need help? Don't hesitate to reach out to us via GitHub issues or on Slack:

  https://community.getdbt.com/

Happy modeling!

[0m23:29:27.157044 [info ] [MainThread]: Setting up your profile.
[0m23:34:00.951461 [info ] [MainThread]: Profile jobmatch_dbt written to /Users/jin/.dbt/profiles.yml using target's profile_template.yml and your supplied values. Run 'dbt debug' to validate the connection.
[0m23:34:01.002021 [debug] [MainThread]: Resource report: {"command_name": "init", "command_success": true, "command_wall_clock_time": 273.91187, "process_in_blocks": "0", "process_kernel_time": 0.921535, "process_mem_max_rss": "364838912", "process_out_blocks": "0", "process_user_time": 2.63203}
[0m23:34:01.006312 [debug] [MainThread]: Command `dbt init` succeeded at 23:34:01.005974 after 273.92 seconds
[0m23:34:01.007643 [debug] [MainThread]: Sending event: {'category': 'dbt', 'action': 'invocation', 'label': 'end', 'context': [<snowplow_tracker.self_describing_json.SelfDescribingJson object at 0x13dc53bb0>, <snowplow_tracker.self_describing_json.SelfDescribingJson object at 0x13dcc8830>, <snowplow_tracker.self_describing_json.SelfDescribingJson object at 0x13dc26580>]}
[0m23:34:01.008562 [debug] [MainThread]: Flushing usage events
[0m23:34:02.341585 [debug] [MainThread]: An error was encountered while trying to flush usage events
[0m23:36:38.880174 [debug] [MainThread]: Sending event: {'category': 'dbt', 'action': 'invocation', 'label': 'start', 'context': [<snowplow_tracker.self_describing_json.SelfDescribingJson object at 0x107870d70>, <snowplow_tracker.self_describing_json.SelfDescribingJson object at 0x1094cf750>, <snowplow_tracker.self_describing_json.SelfDescribingJson object at 0x1094cf890>]}


============================== 23:36:38.883314 | 008c6d02-5d07-4b36-80fc-d92b0754c2d4 ==============================
[0m23:36:38.883314 [info ] [MainThread]: Running with dbt=1.11.2
[0m23:36:38.884473 [debug] [MainThread]: running dbt with arguments {'cache_selected_only': 'False', 'introspect': 'True', 'debug': 'False', 'warn_error_options': 'WarnErrorOptionsV2(error=[], warn=[], silence=[])', 'log_cache_events': 'False', 'version_check': 'True', 'target_path': 'None', 'indirect_selection': 'eager', 'send_anonymous_usage_stats': 'True', 'profiles_dir': '/Users/jin/.dbt', 'no_print': 'None', 'invocation_command': 'dbt debug', 'fail_fast': 'False', 'use_colors': 'True', 'write_json': 'True', 'warn_error': 'None', 'static_parser': 'True', 'partial_parse': 'True', 'quiet': 'False', 'log_path': 'logs', 'use_experimental_parser': 'False', 'printer_width': '80', 'empty': 'None', 'log_format': 'default'}
[0m23:36:38.893299 [info ] [MainThread]: dbt version: 1.11.2
[0m23:36:38.893468 [info ] [MainThread]: python version: 3.13.1
[0m23:36:38.893588 [info ] [MainThread]: python path: /Users/jin/Desktop/Job_Matching_Data_Pipeline/.venv/bin/python3.13
[0m23:36:38.893700 [info ] [MainThread]: os info: macOS-15.5-arm64-arm-64bit-Mach-O
[0m23:36:42.463625 [info ] [MainThread]: Using profiles dir at /Users/jin/.dbt
[0m23:36:42.463886 [info ] [MainThread]: Using profiles.yml file at /Users/jin/.dbt/profiles.yml
[0m23:36:42.464026 [info ] [MainThread]: Using dbt_project.yml file at /Users/jin/Desktop/Job_Matching_Data_Pipeline/dbt_project.yml
[0m23:36:42.464147 [info ] [MainThread]: adapter type: bigquery
[0m23:36:42.464262 [info ] [MainThread]: adapter version: 1.11.0
[0m23:36:42.464378 [info ] [MainThread]: Configuration:
[0m23:36:42.464484 [info ] [MainThread]:   profiles.yml file [[32mOK found and valid[0m]
[0m23:36:42.464587 [info ] [MainThread]:   dbt_project.yml file [[31mERROR not found[0m]
[0m23:36:42.464690 [info ] [MainThread]: Required dependencies:
[0m23:36:42.464855 [debug] [MainThread]: Executing "git --help"
[0m23:36:42.491953 [debug] [MainThread]: STDOUT: "b"usage: git [-v | --version] [-h | --help] [-C <path>] [-c <name>=<value>]\n           [--exec-path[=<path>]] [--html-path] [--man-path] [--info-path]\n           [-p | --paginate | -P | --no-pager] [--no-replace-objects] [--bare]\n           [--git-dir=<path>] [--work-tree=<path>] [--namespace=<name>]\n           [--super-prefix=<path>] [--config-env=<name>=<envvar>]\n           <command> [<args>]\n\nThese are common Git commands used in various situations:\n\nstart a working area (see also: git help tutorial)\n   clone     Clone a repository into a new directory\n   init      Create an empty Git repository or reinitialize an existing one\n\nwork on the current change (see also: git help everyday)\n   add       Add file contents to the index\n   mv        Move or rename a file, a directory, or a symlink\n   restore   Restore working tree files\n   rm        Remove files from the working tree and from the index\n\nexamine the history and state (see also: git help revisions)\n   bisect    Use binary search to find the commit that introduced a bug\n   diff      Show changes between commits, commit and working tree, etc\n   grep      Print lines matching a pattern\n   log       Show commit logs\n   show      Show various types of objects\n   status    Show the working tree status\n\ngrow, mark and tweak your common history\n   branch    List, create, or delete branches\n   commit    Record changes to the repository\n   merge     Join two or more development histories together\n   rebase    Reapply commits on top of another base tip\n   reset     Reset current HEAD to the specified state\n   switch    Switch branches\n   tag       Create, list, delete or verify a tag object signed with GPG\n\ncollaborate (see also: git help workflows)\n   fetch     Download objects and refs from another repository\n   pull      Fetch from and integrate with another repository or a local branch\n   push      Update remote refs along with associated objects\n\n'git help -a' and 'git help -g' list available subcommands and some\nconcept guides. See 'git help <command>' or 'git help <concept>'\nto read about a specific subcommand or concept.\nSee 'git help git' for an overview of the system.\n""
[0m23:36:42.492417 [debug] [MainThread]: STDERR: "b''"
[0m23:36:42.492590 [info ] [MainThread]:  - git [[32mOK found[0m]

[0m23:36:42.492743 [info ] [MainThread]: Connection:
[0m23:36:42.492899 [info ] [MainThread]:   method: oauth
[0m23:36:42.493012 [info ] [MainThread]:   database: event-driven-job-matching
[0m23:36:42.493124 [info ] [MainThread]:   execution_project: event-driven-job-matching
[0m23:36:42.493224 [info ] [MainThread]:   schema: job_matching_silver
[0m23:36:42.493322 [info ] [MainThread]:   location: US
[0m23:36:42.493415 [info ] [MainThread]:   priority: interactive
[0m23:36:42.493517 [info ] [MainThread]:   maximum_bytes_billed: None
[0m23:36:42.493620 [info ] [MainThread]:   impersonate_service_account: None
[0m23:36:42.493717 [info ] [MainThread]:   job_retry_deadline_seconds: None
[0m23:36:42.493816 [info ] [MainThread]:   job_retries: 1
[0m23:36:42.493909 [info ] [MainThread]:   job_creation_timeout_seconds: None
[0m23:36:42.494004 [info ] [MainThread]:   job_execution_timeout_seconds: 300
[0m23:36:42.494101 [info ] [MainThread]:   timeout_seconds: 300
[0m23:36:42.494194 [info ] [MainThread]:   client_id: None
[0m23:36:42.494286 [info ] [MainThread]:   token_uri: None
[0m23:36:42.494380 [info ] [MainThread]:   compute_region: None
[0m23:36:42.494472 [info ] [MainThread]:   dataproc_cluster_name: None
[0m23:36:42.494565 [info ] [MainThread]:   gcs_bucket: None
[0m23:36:42.494658 [info ] [MainThread]:   dataproc_batch: None
[0m23:36:42.494960 [info ] [MainThread]: Registered adapter: bigquery=1.11.0
[0m23:36:42.655468 [debug] [MainThread]: Acquiring new bigquery connection 'debug'
[0m23:36:42.655827 [debug] [MainThread]: On debug: select 1 as id
[0m23:36:42.656004 [debug] [MainThread]: Opening a new connection, currently in state init
[0m23:36:46.615885 [debug] [MainThread]: BigQuery adapter: https://console.cloud.google.com/bigquery?project=event-driven-job-matching&j=bq:US:9c5a6f32-f195-4e87-af1d-8c4736d02c15&page=queryresults
[0m23:36:47.027437 [debug] [MainThread]: SQL status: OK in 0.410 seconds
[0m23:36:47.400020 [info ] [MainThread]:   Connection test: [[32mOK connection ok[0m]

[0m23:36:47.400714 [info ] [MainThread]: [31m1 check failed:[0m
[0m23:36:47.401190 [info ] [MainThread]: Project loading failed for the following reason:
 project path </Users/jin/Desktop/Job_Matching_Data_Pipeline/dbt_project.yml> not found

[0m23:36:47.408996 [debug] [MainThread]: Resource report: {"command_name": "debug", "command_success": false, "command_wall_clock_time": 8.56752, "process_in_blocks": "0", "process_kernel_time": 1.118068, "process_mem_max_rss": "370458624", "process_out_blocks": "0", "process_user_time": 2.807498}
[0m23:36:47.410035 [debug] [MainThread]: Command `dbt debug` failed at 23:36:47.409816 after 8.57 seconds
[0m23:36:47.410685 [debug] [MainThread]: Connection 'debug' was properly closed.
[0m23:36:47.411263 [debug] [MainThread]: Sending event: {'category': 'dbt', 'action': 'invocation', 'label': 'end', 'context': [<snowplow_tracker.self_describing_json.SelfDescribingJson object at 0x14a07ed70>, <snowplow_tracker.self_describing_json.SelfDescribingJson object at 0x14a045d90>, <snowplow_tracker.self_describing_json.SelfDescribingJson object at 0x149ffecf0>]}
[0m23:36:47.411886 [debug] [MainThread]: Flushing usage events
[0m23:36:48.355431 [debug] [MainThread]: An error was encountered while trying to flush usage events
